<?xml version="1.0" encoding="UTF-8"?>
<robot generator="Robot 3.1.2 (Python 3.6.8 on win32)" generated="20191218 14:53:26.486" rpa="false">
<suite id="s1" name="Locations" source="C:\RobotScripts\OrangeHRM\TestSuite\Admin\Organization\Locations.robot">
<test id="s1-t1" name="TestCase1: Login with Valid Credentails">
<kw name="Open OrangeHRM webiste in Chrome" library="Common">
<kw name="Open Browser" library="SeleniumLibrary">
<doc>Opens a new browser instance to the given ``url``.</doc>
<arguments>
<arg>${URL}</arg>
<arg>chrome</arg>
</arguments>
<msg timestamp="20191218 14:53:27.045" level="INFO">Opening browser 'chrome' to base url 'https://opensource-demo.orangehrmlive.com/index.php/auth/login'.</msg>
<status status="PASS" starttime="20191218 14:53:27.045" endtime="20191218 14:53:31.881"></status>
</kw>
<kw name="Maximize Browser Window" library="SeleniumLibrary">
<doc>Maximizes current browser window.</doc>
<status status="PASS" starttime="20191218 14:53:31.881" endtime="20191218 14:53:32.209"></status>
</kw>
<kw name="Log To Console" library="BuiltIn">
<doc>Logs the given message to the console.</doc>
<arguments>
<arg>Browser is Maximized</arg>
</arguments>
<status status="PASS" starttime="20191218 14:53:32.209" endtime="20191218 14:53:32.210"></status>
</kw>
<status status="PASS" starttime="20191218 14:53:27.045" endtime="20191218 14:53:32.211"></status>
</kw>
<kw name="Sleep" library="BuiltIn">
<doc>Pauses the test executed for the given time.</doc>
<arguments>
<arg>${timeout}</arg>
</arguments>
<msg timestamp="20191218 14:53:34.214" level="INFO">Slept 2 seconds</msg>
<status status="PASS" starttime="20191218 14:53:32.212" endtime="20191218 14:53:34.214"></status>
</kw>
<kw name="Check Login Panel is available" library="Common">
<kw name="Get Element Count" library="SeleniumLibrary">
<doc>Returns number of elements matching ``locator``.</doc>
<arguments>
<arg>${LoginPanel_Xpath}</arg>
</arguments>
<assign>
<var>${count}</var>
</assign>
<msg timestamp="20191218 14:53:34.233" level="INFO">${count} = 1</msg>
<status status="PASS" starttime="20191218 14:53:34.215" endtime="20191218 14:53:34.234"></status>
</kw>
<kw name="Run Keyword And Return If" library="BuiltIn">
<doc>Runs the specified keyword and returns from the enclosing user keyword.</doc>
<arguments>
<arg>${count} &gt; 0</arg>
<arg>Enter Login Credentials</arg>
</arguments>
<kw name="Enter Login Credentials" library="Common">
<kw name="Input Text" library="SeleniumLibrary">
<doc>Types the given ``text`` into text field identified by ``locator``.</doc>
<arguments>
<arg>${Username_Xpath}</arg>
<arg>${Username}</arg>
</arguments>
<msg timestamp="20191218 14:53:34.235" level="INFO">Typing text 'Admin' into text field '//input[@type='text'][@name='txtUsername']'.</msg>
<status status="PASS" starttime="20191218 14:53:34.234" endtime="20191218 14:53:34.337"></status>
</kw>
<kw name="Log To Console" library="BuiltIn">
<doc>Logs the given message to the console.</doc>
<arguments>
<arg>Entered Username</arg>
</arguments>
<status status="PASS" starttime="20191218 14:53:34.338" endtime="20191218 14:53:34.340"></status>
</kw>
<kw name="Sleep" library="BuiltIn">
<doc>Pauses the test executed for the given time.</doc>
<arguments>
<arg>${timeout}</arg>
</arguments>
<msg timestamp="20191218 14:53:36.341" level="INFO">Slept 2 seconds</msg>
<status status="PASS" starttime="20191218 14:53:34.340" endtime="20191218 14:53:36.341"></status>
</kw>
<kw name="Input Password" library="SeleniumLibrary">
<doc>Types the given password into text field identified by ``locator``.</doc>
<arguments>
<arg>${Password_Xpath}</arg>
<arg>${Password}</arg>
</arguments>
<msg timestamp="20191218 14:53:36.341" level="INFO">Typing password into text field '//input[@type='password'][@name='txtPassword']'.</msg>
<status status="PASS" starttime="20191218 14:53:36.341" endtime="20191218 14:53:36.458"></status>
</kw>
<kw name="Log To Console" library="BuiltIn">
<doc>Logs the given message to the console.</doc>
<arguments>
<arg>Entered Password</arg>
</arguments>
<status status="PASS" starttime="20191218 14:53:36.458" endtime="20191218 14:53:36.458"></status>
</kw>
<kw name="Sleep" library="BuiltIn">
<doc>Pauses the test executed for the given time.</doc>
<arguments>
<arg>${timeout}</arg>
</arguments>
<msg timestamp="20191218 14:53:38.461" level="INFO">Slept 2 seconds</msg>
<status status="PASS" starttime="20191218 14:53:36.459" endtime="20191218 14:53:38.461"></status>
</kw>
<status status="PASS" starttime="20191218 14:53:34.234" endtime="20191218 14:53:38.461"></status>
</kw>
<msg timestamp="20191218 14:53:38.461" level="INFO">Returning from the enclosing user keyword.</msg>
<status status="PASS" starttime="20191218 14:53:34.234" endtime="20191218 14:53:38.461"></status>
</kw>
<status status="PASS" starttime="20191218 14:53:34.215" endtime="20191218 14:53:38.461"></status>
</kw>
<kw name="Sleep" library="BuiltIn">
<doc>Pauses the test executed for the given time.</doc>
<arguments>
<arg>${timeout}</arg>
</arguments>
<msg timestamp="20191218 14:53:40.465" level="INFO">Slept 2 seconds</msg>
<status status="PASS" starttime="20191218 14:53:38.463" endtime="20191218 14:53:40.465"></status>
</kw>
<kw name="Click on Login Button" library="Common">
<kw name="Click Button" library="SeleniumLibrary">
<doc>Clicks button identified by ``locator``.</doc>
<arguments>
<arg>${Loginbutton_Xpath}</arg>
</arguments>
<msg timestamp="20191218 14:53:40.466" level="INFO">Clicking button '//input[@type='submit'][@name='Submit']'.</msg>
<status status="PASS" starttime="20191218 14:53:40.466" endtime="20191218 14:53:42.099"></status>
</kw>
<kw name="Log To Console" library="BuiltIn">
<doc>Logs the given message to the console.</doc>
<arguments>
<arg>CLicked on Login Button</arg>
</arguments>
<status status="PASS" starttime="20191218 14:53:42.099" endtime="20191218 14:53:42.099"></status>
</kw>
<kw name="Sleep" library="BuiltIn">
<doc>Pauses the test executed for the given time.</doc>
<arguments>
<arg>${timeout}</arg>
</arguments>
<msg timestamp="20191218 14:53:44.102" level="INFO">Slept 2 seconds</msg>
<status status="PASS" starttime="20191218 14:53:42.100" endtime="20191218 14:53:44.102"></status>
</kw>
<status status="PASS" starttime="20191218 14:53:40.466" endtime="20191218 14:53:44.102"></status>
</kw>
<kw name="Sleep" library="BuiltIn">
<doc>Pauses the test executed for the given time.</doc>
<arguments>
<arg>${timeout}</arg>
</arguments>
<msg timestamp="20191218 14:53:46.104" level="INFO">Slept 2 seconds</msg>
<status status="PASS" starttime="20191218 14:53:44.103" endtime="20191218 14:53:46.104"></status>
</kw>
<kw name="Verify Mainpage is loaded properly" library="Common">
<kw name="Get Element Count" library="SeleniumLibrary">
<doc>Returns number of elements matching ``locator``.</doc>
<arguments>
<arg>${Dashboard_Xpath}</arg>
</arguments>
<assign>
<var>${count}</var>
</assign>
<msg timestamp="20191218 14:53:46.139" level="INFO">${count} = 1</msg>
<status status="PASS" starttime="20191218 14:53:46.107" endtime="20191218 14:53:46.139"></status>
</kw>
<kw name="Run Keyword And Return If" library="BuiltIn">
<doc>Runs the specified keyword and returns from the enclosing user keyword.</doc>
<arguments>
<arg>${count} &gt; 0</arg>
<arg>Validating Mainpage is loaded properly</arg>
</arguments>
<kw name="Validating Mainpage is loaded properly" library="Common">
<kw name="Log To Console" library="BuiltIn">
<doc>Logs the given message to the console.</doc>
<arguments>
<arg>Orange HRM Main Page is sucessfully loaded</arg>
</arguments>
<status status="PASS" starttime="20191218 14:53:46.140" endtime="20191218 14:53:46.141"></status>
</kw>
<status status="PASS" starttime="20191218 14:53:46.140" endtime="20191218 14:53:46.141"></status>
</kw>
<msg timestamp="20191218 14:53:46.141" level="INFO">Returning from the enclosing user keyword.</msg>
<status status="PASS" starttime="20191218 14:53:46.139" endtime="20191218 14:53:46.141"></status>
</kw>
<status status="PASS" starttime="20191218 14:53:46.106" endtime="20191218 14:53:46.142"></status>
</kw>
<kw name="Sleep" library="BuiltIn">
<doc>Pauses the test executed for the given time.</doc>
<arguments>
<arg>${timeout}</arg>
</arguments>
<msg timestamp="20191218 14:53:48.143" level="INFO">Slept 2 seconds</msg>
<status status="PASS" starttime="20191218 14:53:46.142" endtime="20191218 14:53:48.143"></status>
</kw>
<doc>This is to verify valid login to the Orange HRM site</doc>
<tags>
<tag>JobTitlePage</tag>
<tag>Regression</tag>
<tag>Smoke</tag>
</tags>
<status status="PASS" starttime="20191218 14:53:27.044" endtime="20191218 14:53:48.145" critical="yes"></status>
</test>
<test id="s1-t2" name="TestCase2: No.of Employees working in US location">
<kw name="Navigate to Locations Page of Admin Tab" library="OrangeKeywords">
<kw name="Click Element" library="SeleniumLibrary">
<doc>Click element identified by ``locator``.</doc>
<arguments>
<arg>${Admin_Xpath}</arg>
</arguments>
<msg timestamp="20191218 14:53:48.154" level="INFO">Clicking element '//b[text()='Admin']'.</msg>
<status status="PASS" starttime="20191218 14:53:48.153" endtime="20191218 14:53:49.408"></status>
</kw>
<kw name="Log To Console" library="BuiltIn">
<doc>Logs the given message to the console.</doc>
<arguments>
<arg>Clicked on Admin in the main menu bar</arg>
</arguments>
<status status="PASS" starttime="20191218 14:53:49.408" endtime="20191218 14:53:49.408"></status>
</kw>
<kw name="Sleep" library="BuiltIn">
<doc>Pauses the test executed for the given time.</doc>
<arguments>
<arg>${timeout}</arg>
</arguments>
<msg timestamp="20191218 14:53:51.410" level="INFO">Slept 2 seconds</msg>
<status status="PASS" starttime="20191218 14:53:49.408" endtime="20191218 14:53:51.410"></status>
</kw>
<kw name="Click Element" library="SeleniumLibrary">
<doc>Click element identified by ``locator``.</doc>
<arguments>
<arg>${Organization_Xpath}</arg>
</arguments>
<msg timestamp="20191218 14:53:51.410" level="INFO">Clicking element '//a[text()='Organization']'.</msg>
<status status="PASS" starttime="20191218 14:53:51.410" endtime="20191218 14:53:51.491"></status>
</kw>
<kw name="Log To Console" library="BuiltIn">
<doc>Logs the given message to the console.</doc>
<arguments>
<arg>Clicked on Oraganization Link in the Admin menu bar</arg>
</arguments>
<status status="PASS" starttime="20191218 14:53:51.491" endtime="20191218 14:53:51.492"></status>
</kw>
<kw name="Sleep" library="BuiltIn">
<doc>Pauses the test executed for the given time.</doc>
<arguments>
<arg>${timeout}</arg>
</arguments>
<msg timestamp="20191218 14:53:53.493" level="INFO">Slept 2 seconds</msg>
<status status="PASS" starttime="20191218 14:53:51.492" endtime="20191218 14:53:53.493"></status>
</kw>
<kw name="Click Element" library="SeleniumLibrary">
<doc>Click element identified by ``locator``.</doc>
<arguments>
<arg>${Locations_Xpath}</arg>
</arguments>
<msg timestamp="20191218 14:53:53.494" level="INFO">Clicking element '//a[text()='Locations']'.</msg>
<status status="PASS" starttime="20191218 14:53:53.493" endtime="20191218 14:53:54.316"></status>
</kw>
<kw name="Log To Console" library="BuiltIn">
<doc>Logs the given message to the console.</doc>
<arguments>
<arg>Clicked on</arg>
<arg>Locations link in the Admin Menu bar</arg>
</arguments>
<status status="PASS" starttime="20191218 14:53:54.316" endtime="20191218 14:53:54.316"></status>
</kw>
<kw name="Sleep" library="BuiltIn">
<doc>Pauses the test executed for the given time.</doc>
<arguments>
<arg>${timeout}</arg>
</arguments>
<msg timestamp="20191218 14:53:56.318" level="INFO">Slept 2 seconds</msg>
<status status="PASS" starttime="20191218 14:53:54.317" endtime="20191218 14:53:56.318"></status>
</kw>
<status status="PASS" starttime="20191218 14:53:48.152" endtime="20191218 14:53:56.318"></status>
</kw>
<kw name="Sleep" library="BuiltIn">
<doc>Pauses the test executed for the given time.</doc>
<arguments>
<arg>${timeout}</arg>
</arguments>
<msg timestamp="20191218 14:53:58.320" level="INFO">Slept 2 seconds</msg>
<status status="PASS" starttime="20191218 14:53:56.319" endtime="20191218 14:53:58.320"></status>
</kw>
<kw name="ForLoop to get the number of employess working in US" library="OrangeKeywords">
<kw name="Get Element Count" library="SeleniumLibrary">
<doc>Returns number of elements matching ``locator``.</doc>
<arguments>
<arg>${LocationTable_Row_Xpath}</arg>
</arguments>
<assign>
<var>${RowCount}</var>
</assign>
<msg timestamp="20191218 14:53:58.353" level="INFO">${RowCount} = 5</msg>
<status status="PASS" starttime="20191218 14:53:58.322" endtime="20191218 14:53:58.353"></status>
</kw>
<kw name="Log To Console" library="BuiltIn">
<doc>Logs the given message to the console.</doc>
<arguments>
<arg>${RowCount} - no. of rows in the table</arg>
</arguments>
<status status="PASS" starttime="20191218 14:53:58.353" endtime="20191218 14:53:58.354"></status>
</kw>
<kw name="Get Element Count" library="SeleniumLibrary">
<doc>Returns number of elements matching ``locator``.</doc>
<arguments>
<arg>${LoactionTable_Column_Xpath}</arg>
</arguments>
<assign>
<var>${CCount}</var>
</assign>
<msg timestamp="20191218 14:53:58.373" level="INFO">${CCount} = 6</msg>
<status status="PASS" starttime="20191218 14:53:58.354" endtime="20191218 14:53:58.374"></status>
</kw>
<kw name="Log To Console" library="BuiltIn">
<doc>Logs the given message to the console.</doc>
<arguments>
<arg>${CCount} - no. of columns in the table</arg>
</arguments>
<status status="PASS" starttime="20191218 14:53:58.374" endtime="20191218 14:53:58.374"></status>
</kw>
<kw name="Evaluate" library="BuiltIn">
<doc>Evaluates the given expression in Python and returns the results.</doc>
<arguments>
<arg>${RowCount} + 1</arg>
</arguments>
<assign>
<var>${RCount}</var>
</assign>
<msg timestamp="20191218 14:53:58.376" level="INFO">${RCount} = 6</msg>
<status status="PASS" starttime="20191218 14:53:58.375" endtime="20191218 14:53:58.376"></status>
</kw>
<kw name="Log To Console" library="BuiltIn">
<doc>Logs the given message to the console.</doc>
<arguments>
<arg>${RCount}</arg>
</arguments>
<status status="PASS" starttime="20191218 14:53:58.376" endtime="20191218 14:53:58.380"></status>
</kw>
<kw name="Set Variable" library="BuiltIn">
<doc>Returns the given values which can then be assigned to a variables.</doc>
<arguments>
<arg>0</arg>
</arguments>
<assign>
<var>${Total}</var>
</assign>
<msg timestamp="20191218 14:53:58.380" level="INFO">${Total} = 0</msg>
<status status="PASS" starttime="20191218 14:53:58.380" endtime="20191218 14:53:58.380"></status>
</kw>
<kw name="Log To Console" library="BuiltIn">
<doc>Logs the given message to the console.</doc>
<arguments>
<arg>${Total}</arg>
</arguments>
<status status="PASS" starttime="20191218 14:53:58.381" endtime="20191218 14:53:58.381"></status>
</kw>
<kw name="${i} IN RANGE [ 1 | ${RCount} ]" type="for">
<kw name="${i} = 1" type="foritem">
<kw name="Get Text" library="SeleniumLibrary">
<doc>Returns the text value of element identified by ``locator``.</doc>
<arguments>
<arg>//table[@id='resultTable']/tbody/tr[${i}]/td[4]</arg>
</arguments>
<assign>
<var>${CountryName}</var>
</assign>
<msg timestamp="20191218 14:53:58.422" level="INFO">${CountryName} = Canada</msg>
<status status="PASS" starttime="20191218 14:53:58.382" endtime="20191218 14:53:58.422"></status>
</kw>
<kw name="Log To Console" library="BuiltIn">
<doc>Logs the given message to the console.</doc>
<arguments>
<arg>Captured ${CountryName}</arg>
</arguments>
<status status="PASS" starttime="20191218 14:53:58.422" endtime="20191218 14:53:58.422"></status>
</kw>
<kw name="Run Keyword If" library="BuiltIn">
<doc>Runs the given keyword with the given arguments, if ``condition`` is true.</doc>
<arguments>
<arg>'${CountryName}' == 'United States'</arg>
<arg>Success</arg>
</arguments>
<status status="PASS" starttime="20191218 14:53:58.423" endtime="20191218 14:53:58.423"></status>
</kw>
<kw name="Sleep" library="BuiltIn">
<doc>Pauses the test executed for the given time.</doc>
<arguments>
<arg>${timeout}</arg>
</arguments>
<msg timestamp="20191218 14:54:00.425" level="INFO">Slept 2 seconds</msg>
<status status="PASS" starttime="20191218 14:53:58.423" endtime="20191218 14:54:00.425"></status>
</kw>
<kw name="Get Text" library="SeleniumLibrary">
<doc>Returns the text value of element identified by ``locator``.</doc>
<arguments>
<arg>//table[@id='resultTable']/tbody/tr[${i}]/td[6]</arg>
</arguments>
<assign>
<var>${Emp}</var>
</assign>
<msg timestamp="20191218 14:54:00.468" level="INFO">${Emp} = 0</msg>
<status status="PASS" starttime="20191218 14:54:00.426" endtime="20191218 14:54:00.468"></status>
</kw>
<kw name="Log To Console" library="BuiltIn">
<doc>Logs the given message to the console.</doc>
<arguments>
<arg>Captured No. of Employees ${Emp}</arg>
</arguments>
<status status="PASS" starttime="20191218 14:54:00.469" endtime="20191218 14:54:00.469"></status>
</kw>
<kw name="Log To Console" library="BuiltIn">
<doc>Logs the given message to the console.</doc>
<arguments>
<arg>Current Total- ${Total}</arg>
</arguments>
<status status="PASS" starttime="20191218 14:54:00.469" endtime="20191218 14:54:00.470"></status>
</kw>
<kw name="Evaluate" library="BuiltIn">
<doc>Evaluates the given expression in Python and returns the results.</doc>
<arguments>
<arg>${Emp}+${Total}</arg>
</arguments>
<assign>
<var>${Total1}</var>
</assign>
<msg timestamp="20191218 14:54:00.471" level="INFO">${Total1} = 0</msg>
<status status="PASS" starttime="20191218 14:54:00.470" endtime="20191218 14:54:00.471"></status>
</kw>
<kw name="Log To Console" library="BuiltIn">
<doc>Logs the given message to the console.</doc>
<arguments>
<arg>Total No. of people working in US are ${Total1}</arg>
<arg>ELSE</arg>
<arg>No Records Found</arg>
</arguments>
<status status="PASS" starttime="20191218 14:54:00.471" endtime="20191218 14:54:00.471"></status>
</kw>
<status status="PASS" starttime="20191218 14:53:58.382" endtime="20191218 14:54:00.472"></status>
</kw>
<kw name="${i} = 2" type="foritem">
<kw name="Get Text" library="SeleniumLibrary">
<doc>Returns the text value of element identified by ``locator``.</doc>
<arguments>
<arg>//table[@id='resultTable']/tbody/tr[${i}]/td[4]</arg>
</arguments>
<assign>
<var>${CountryName}</var>
</assign>
<msg timestamp="20191218 14:54:00.502" level="INFO">${CountryName} = United States</msg>
<status status="PASS" starttime="20191218 14:54:00.472" endtime="20191218 14:54:00.502"></status>
</kw>
<kw name="Log To Console" library="BuiltIn">
<doc>Logs the given message to the console.</doc>
<arguments>
<arg>Captured ${CountryName}</arg>
</arguments>
<status status="PASS" starttime="20191218 14:54:00.502" endtime="20191218 14:54:00.502"></status>
</kw>
<kw name="Run Keyword If" library="BuiltIn">
<doc>Runs the given keyword with the given arguments, if ``condition`` is true.</doc>
<arguments>
<arg>'${CountryName}' == 'United States'</arg>
<arg>Success</arg>
</arguments>
<kw name="Success" library="OrangeKeywords">
<kw name="Log" library="BuiltIn">
<doc>Logs the given message with the given level.</doc>
<arguments>
<arg>Pass</arg>
</arguments>
<msg timestamp="20191218 14:54:00.505" level="INFO">Pass</msg>
<status status="PASS" starttime="20191218 14:54:00.504" endtime="20191218 14:54:00.505"></status>
</kw>
<status status="PASS" starttime="20191218 14:54:00.503" endtime="20191218 14:54:00.505"></status>
</kw>
<status status="PASS" starttime="20191218 14:54:00.503" endtime="20191218 14:54:00.505"></status>
</kw>
<kw name="Sleep" library="BuiltIn">
<doc>Pauses the test executed for the given time.</doc>
<arguments>
<arg>${timeout}</arg>
</arguments>
<msg timestamp="20191218 14:54:02.507" level="INFO">Slept 2 seconds</msg>
<status status="PASS" starttime="20191218 14:54:00.505" endtime="20191218 14:54:02.507"></status>
</kw>
<kw name="Get Text" library="SeleniumLibrary">
<doc>Returns the text value of element identified by ``locator``.</doc>
<arguments>
<arg>//table[@id='resultTable']/tbody/tr[${i}]/td[6]</arg>
</arguments>
<assign>
<var>${Emp}</var>
</assign>
<msg timestamp="20191218 14:54:02.561" level="INFO">${Emp} = 0</msg>
<status status="PASS" starttime="20191218 14:54:02.507" endtime="20191218 14:54:02.561"></status>
</kw>
<kw name="Log To Console" library="BuiltIn">
<doc>Logs the given message to the console.</doc>
<arguments>
<arg>Captured No. of Employees ${Emp}</arg>
</arguments>
<status status="PASS" starttime="20191218 14:54:02.561" endtime="20191218 14:54:02.561"></status>
</kw>
<kw name="Log To Console" library="BuiltIn">
<doc>Logs the given message to the console.</doc>
<arguments>
<arg>Current Total- ${Total}</arg>
</arguments>
<status status="PASS" starttime="20191218 14:54:02.561" endtime="20191218 14:54:02.562"></status>
</kw>
<kw name="Evaluate" library="BuiltIn">
<doc>Evaluates the given expression in Python and returns the results.</doc>
<arguments>
<arg>${Emp}+${Total}</arg>
</arguments>
<assign>
<var>${Total1}</var>
</assign>
<msg timestamp="20191218 14:54:02.563" level="INFO">${Total1} = 0</msg>
<status status="PASS" starttime="20191218 14:54:02.562" endtime="20191218 14:54:02.563"></status>
</kw>
<kw name="Log To Console" library="BuiltIn">
<doc>Logs the given message to the console.</doc>
<arguments>
<arg>Total No. of people working in US are ${Total1}</arg>
<arg>ELSE</arg>
<arg>No Records Found</arg>
</arguments>
<status status="PASS" starttime="20191218 14:54:02.563" endtime="20191218 14:54:02.563"></status>
</kw>
<status status="PASS" starttime="20191218 14:54:00.472" endtime="20191218 14:54:02.563"></status>
</kw>
<kw name="${i} = 3" type="foritem">
<kw name="Get Text" library="SeleniumLibrary">
<doc>Returns the text value of element identified by ``locator``.</doc>
<arguments>
<arg>//table[@id='resultTable']/tbody/tr[${i}]/td[4]</arg>
</arguments>
<assign>
<var>${CountryName}</var>
</assign>
<msg timestamp="20191218 14:54:02.594" level="INFO">${CountryName} = India</msg>
<status status="PASS" starttime="20191218 14:54:02.564" endtime="20191218 14:54:02.594"></status>
</kw>
<kw name="Log To Console" library="BuiltIn">
<doc>Logs the given message to the console.</doc>
<arguments>
<arg>Captured ${CountryName}</arg>
</arguments>
<status status="PASS" starttime="20191218 14:54:02.594" endtime="20191218 14:54:02.595"></status>
</kw>
<kw name="Run Keyword If" library="BuiltIn">
<doc>Runs the given keyword with the given arguments, if ``condition`` is true.</doc>
<arguments>
<arg>'${CountryName}' == 'United States'</arg>
<arg>Success</arg>
</arguments>
<status status="PASS" starttime="20191218 14:54:02.595" endtime="20191218 14:54:02.595"></status>
</kw>
<kw name="Sleep" library="BuiltIn">
<doc>Pauses the test executed for the given time.</doc>
<arguments>
<arg>${timeout}</arg>
</arguments>
<msg timestamp="20191218 14:54:04.597" level="INFO">Slept 2 seconds</msg>
<status status="PASS" starttime="20191218 14:54:02.595" endtime="20191218 14:54:04.597"></status>
</kw>
<kw name="Get Text" library="SeleniumLibrary">
<doc>Returns the text value of element identified by ``locator``.</doc>
<arguments>
<arg>//table[@id='resultTable']/tbody/tr[${i}]/td[6]</arg>
</arguments>
<assign>
<var>${Emp}</var>
</assign>
<msg timestamp="20191218 14:54:04.663" level="INFO">${Emp} = 0</msg>
<status status="PASS" starttime="20191218 14:54:04.597" endtime="20191218 14:54:04.663"></status>
</kw>
<kw name="Log To Console" library="BuiltIn">
<doc>Logs the given message to the console.</doc>
<arguments>
<arg>Captured No. of Employees ${Emp}</arg>
</arguments>
<status status="PASS" starttime="20191218 14:54:04.663" endtime="20191218 14:54:04.664"></status>
</kw>
<kw name="Log To Console" library="BuiltIn">
<doc>Logs the given message to the console.</doc>
<arguments>
<arg>Current Total- ${Total}</arg>
</arguments>
<status status="PASS" starttime="20191218 14:54:04.665" endtime="20191218 14:54:04.669"></status>
</kw>
<kw name="Evaluate" library="BuiltIn">
<doc>Evaluates the given expression in Python and returns the results.</doc>
<arguments>
<arg>${Emp}+${Total}</arg>
</arguments>
<assign>
<var>${Total1}</var>
</assign>
<msg timestamp="20191218 14:54:04.671" level="INFO">${Total1} = 0</msg>
<status status="PASS" starttime="20191218 14:54:04.670" endtime="20191218 14:54:04.671"></status>
</kw>
<kw name="Log To Console" library="BuiltIn">
<doc>Logs the given message to the console.</doc>
<arguments>
<arg>Total No. of people working in US are ${Total1}</arg>
<arg>ELSE</arg>
<arg>No Records Found</arg>
</arguments>
<status status="PASS" starttime="20191218 14:54:04.671" endtime="20191218 14:54:04.673"></status>
</kw>
<status status="PASS" starttime="20191218 14:54:02.564" endtime="20191218 14:54:04.673"></status>
</kw>
<kw name="${i} = 4" type="foritem">
<kw name="Get Text" library="SeleniumLibrary">
<doc>Returns the text value of element identified by ``locator``.</doc>
<arguments>
<arg>//table[@id='resultTable']/tbody/tr[${i}]/td[4]</arg>
</arguments>
<assign>
<var>${CountryName}</var>
</assign>
<msg timestamp="20191218 14:54:04.707" level="INFO">${CountryName} = United States</msg>
<status status="PASS" starttime="20191218 14:54:04.673" endtime="20191218 14:54:04.707"></status>
</kw>
<kw name="Log To Console" library="BuiltIn">
<doc>Logs the given message to the console.</doc>
<arguments>
<arg>Captured ${CountryName}</arg>
</arguments>
<status status="PASS" starttime="20191218 14:54:04.707" endtime="20191218 14:54:04.707"></status>
</kw>
<kw name="Run Keyword If" library="BuiltIn">
<doc>Runs the given keyword with the given arguments, if ``condition`` is true.</doc>
<arguments>
<arg>'${CountryName}' == 'United States'</arg>
<arg>Success</arg>
</arguments>
<kw name="Success" library="OrangeKeywords">
<kw name="Log" library="BuiltIn">
<doc>Logs the given message with the given level.</doc>
<arguments>
<arg>Pass</arg>
</arguments>
<msg timestamp="20191218 14:54:04.709" level="INFO">Pass</msg>
<status status="PASS" starttime="20191218 14:54:04.709" endtime="20191218 14:54:04.709"></status>
</kw>
<status status="PASS" starttime="20191218 14:54:04.708" endtime="20191218 14:54:04.709"></status>
</kw>
<status status="PASS" starttime="20191218 14:54:04.708" endtime="20191218 14:54:04.709"></status>
</kw>
<kw name="Sleep" library="BuiltIn">
<doc>Pauses the test executed for the given time.</doc>
<arguments>
<arg>${timeout}</arg>
</arguments>
<msg timestamp="20191218 14:54:06.711" level="INFO">Slept 2 seconds</msg>
<status status="PASS" starttime="20191218 14:54:04.709" endtime="20191218 14:54:06.711"></status>
</kw>
<kw name="Get Text" library="SeleniumLibrary">
<doc>Returns the text value of element identified by ``locator``.</doc>
<arguments>
<arg>//table[@id='resultTable']/tbody/tr[${i}]/td[6]</arg>
</arguments>
<assign>
<var>${Emp}</var>
</assign>
<msg timestamp="20191218 14:54:06.757" level="INFO">${Emp} = 0</msg>
<status status="PASS" starttime="20191218 14:54:06.711" endtime="20191218 14:54:06.757"></status>
</kw>
<kw name="Log To Console" library="BuiltIn">
<doc>Logs the given message to the console.</doc>
<arguments>
<arg>Captured No. of Employees ${Emp}</arg>
</arguments>
<status status="PASS" starttime="20191218 14:54:06.757" endtime="20191218 14:54:06.758"></status>
</kw>
<kw name="Log To Console" library="BuiltIn">
<doc>Logs the given message to the console.</doc>
<arguments>
<arg>Current Total- ${Total}</arg>
</arguments>
<status status="PASS" starttime="20191218 14:54:06.759" endtime="20191218 14:54:06.759"></status>
</kw>
<kw name="Evaluate" library="BuiltIn">
<doc>Evaluates the given expression in Python and returns the results.</doc>
<arguments>
<arg>${Emp}+${Total}</arg>
</arguments>
<assign>
<var>${Total1}</var>
</assign>
<msg timestamp="20191218 14:54:06.761" level="INFO">${Total1} = 0</msg>
<status status="PASS" starttime="20191218 14:54:06.760" endtime="20191218 14:54:06.761"></status>
</kw>
<kw name="Log To Console" library="BuiltIn">
<doc>Logs the given message to the console.</doc>
<arguments>
<arg>Total No. of people working in US are ${Total1}</arg>
<arg>ELSE</arg>
<arg>No Records Found</arg>
</arguments>
<status status="PASS" starttime="20191218 14:54:06.761" endtime="20191218 14:54:06.762"></status>
</kw>
<status status="PASS" starttime="20191218 14:54:04.673" endtime="20191218 14:54:06.762"></status>
</kw>
<kw name="${i} = 5" type="foritem">
<kw name="Get Text" library="SeleniumLibrary">
<doc>Returns the text value of element identified by ``locator``.</doc>
<arguments>
<arg>//table[@id='resultTable']/tbody/tr[${i}]/td[4]</arg>
</arguments>
<assign>
<var>${CountryName}</var>
</assign>
<msg timestamp="20191218 14:54:06.812" level="INFO">${CountryName} = United States</msg>
<status status="PASS" starttime="20191218 14:54:06.762" endtime="20191218 14:54:06.812"></status>
</kw>
<kw name="Log To Console" library="BuiltIn">
<doc>Logs the given message to the console.</doc>
<arguments>
<arg>Captured ${CountryName}</arg>
</arguments>
<status status="PASS" starttime="20191218 14:54:06.812" endtime="20191218 14:54:06.813"></status>
</kw>
<kw name="Run Keyword If" library="BuiltIn">
<doc>Runs the given keyword with the given arguments, if ``condition`` is true.</doc>
<arguments>
<arg>'${CountryName}' == 'United States'</arg>
<arg>Success</arg>
</arguments>
<kw name="Success" library="OrangeKeywords">
<kw name="Log" library="BuiltIn">
<doc>Logs the given message with the given level.</doc>
<arguments>
<arg>Pass</arg>
</arguments>
<msg timestamp="20191218 14:54:06.815" level="INFO">Pass</msg>
<status status="PASS" starttime="20191218 14:54:06.814" endtime="20191218 14:54:06.815"></status>
</kw>
<status status="PASS" starttime="20191218 14:54:06.813" endtime="20191218 14:54:06.815"></status>
</kw>
<status status="PASS" starttime="20191218 14:54:06.813" endtime="20191218 14:54:06.815"></status>
</kw>
<kw name="Sleep" library="BuiltIn">
<doc>Pauses the test executed for the given time.</doc>
<arguments>
<arg>${timeout}</arg>
</arguments>
<msg timestamp="20191218 14:54:08.818" level="INFO">Slept 2 seconds</msg>
<status status="PASS" starttime="20191218 14:54:06.815" endtime="20191218 14:54:08.818"></status>
</kw>
<kw name="Get Text" library="SeleniumLibrary">
<doc>Returns the text value of element identified by ``locator``.</doc>
<arguments>
<arg>//table[@id='resultTable']/tbody/tr[${i}]/td[6]</arg>
</arguments>
<assign>
<var>${Emp}</var>
</assign>
<msg timestamp="20191218 14:54:08.847" level="INFO">${Emp} = 1</msg>
<status status="PASS" starttime="20191218 14:54:08.818" endtime="20191218 14:54:08.847"></status>
</kw>
<kw name="Log To Console" library="BuiltIn">
<doc>Logs the given message to the console.</doc>
<arguments>
<arg>Captured No. of Employees ${Emp}</arg>
</arguments>
<status status="PASS" starttime="20191218 14:54:08.847" endtime="20191218 14:54:08.848"></status>
</kw>
<kw name="Log To Console" library="BuiltIn">
<doc>Logs the given message to the console.</doc>
<arguments>
<arg>Current Total- ${Total}</arg>
</arguments>
<status status="PASS" starttime="20191218 14:54:08.848" endtime="20191218 14:54:08.848"></status>
</kw>
<kw name="Evaluate" library="BuiltIn">
<doc>Evaluates the given expression in Python and returns the results.</doc>
<arguments>
<arg>${Emp}+${Total}</arg>
</arguments>
<assign>
<var>${Total1}</var>
</assign>
<msg timestamp="20191218 14:54:08.849" level="INFO">${Total1} = 1</msg>
<status status="PASS" starttime="20191218 14:54:08.848" endtime="20191218 14:54:08.849"></status>
</kw>
<kw name="Log To Console" library="BuiltIn">
<doc>Logs the given message to the console.</doc>
<arguments>
<arg>Total No. of people working in US are ${Total1}</arg>
<arg>ELSE</arg>
<arg>No Records Found</arg>
</arguments>
<status status="PASS" starttime="20191218 14:54:08.849" endtime="20191218 14:54:08.849"></status>
</kw>
<status status="PASS" starttime="20191218 14:54:06.762" endtime="20191218 14:54:08.849"></status>
</kw>
<status status="PASS" starttime="20191218 14:53:58.382" endtime="20191218 14:54:08.849"></status>
</kw>
<status status="PASS" starttime="20191218 14:53:58.321" endtime="20191218 14:54:08.849"></status>
</kw>
<kw name="Sleep" library="BuiltIn">
<doc>Pauses the test executed for the given time.</doc>
<arguments>
<arg>${timeout}</arg>
</arguments>
<msg timestamp="20191218 14:54:10.851" level="INFO">Slept 2 seconds</msg>
<status status="PASS" starttime="20191218 14:54:08.850" endtime="20191218 14:54:10.851"></status>
</kw>
<doc>This is to perform actions on Locations Page</doc>
<tags>
<tag>LocationPage</tag>
<tag>Regression</tag>
<tag>Smoke</tag>
</tags>
<status status="PASS" starttime="20191218 14:53:48.150" endtime="20191218 14:54:10.851" critical="yes"></status>
</test>
<test id="s1-t3" name="TestCase4: Logout from the site">
<kw name="Logout from the website" library="Common">
<kw name="Click Link" library="SeleniumLibrary">
<doc>Clicks a link identified by ``locator``.</doc>
<arguments>
<arg>${Welcome_Xpath}</arg>
</arguments>
<msg timestamp="20191218 14:54:10.855" level="INFO">Clicking link '//a[text()='Welcome Admin']'.</msg>
<status status="PASS" starttime="20191218 14:54:10.855" endtime="20191218 14:54:10.949"></status>
</kw>
<kw name="Log To Console" library="BuiltIn">
<doc>Logs the given message to the console.</doc>
<arguments>
<arg>Clicked on Welcome link</arg>
</arguments>
<status status="PASS" starttime="20191218 14:54:10.949" endtime="20191218 14:54:10.950"></status>
</kw>
<kw name="Sleep" library="BuiltIn">
<doc>Pauses the test executed for the given time.</doc>
<arguments>
<arg>${timeout}</arg>
</arguments>
<msg timestamp="20191218 14:54:12.951" level="INFO">Slept 2 seconds</msg>
<status status="PASS" starttime="20191218 14:54:10.950" endtime="20191218 14:54:12.951"></status>
</kw>
<kw name="Click Link" library="SeleniumLibrary">
<doc>Clicks a link identified by ``locator``.</doc>
<arguments>
<arg>${Logout_Xpath}</arg>
</arguments>
<msg timestamp="20191218 14:54:12.952" level="INFO">Clicking link '//a[text()='Logout']'.</msg>
<status status="PASS" starttime="20191218 14:54:12.951" endtime="20191218 14:54:13.956"></status>
</kw>
<kw name="Log To Console" library="BuiltIn">
<doc>Logs the given message to the console.</doc>
<arguments>
<arg>Clicked on Logout link</arg>
</arguments>
<status status="PASS" starttime="20191218 14:54:13.957" endtime="20191218 14:54:13.959"></status>
</kw>
<kw name="Sleep" library="BuiltIn">
<doc>Pauses the test executed for the given time.</doc>
<arguments>
<arg>${timeout}</arg>
</arguments>
<msg timestamp="20191218 14:54:15.961" level="INFO">Slept 2 seconds</msg>
<status status="PASS" starttime="20191218 14:54:13.959" endtime="20191218 14:54:15.961"></status>
</kw>
<kw name="Get Element Count" library="SeleniumLibrary">
<doc>Returns number of elements matching ``locator``.</doc>
<arguments>
<arg>${LoginPanel_Xpath}</arg>
</arguments>
<assign>
<var>${count}</var>
</assign>
<msg timestamp="20191218 14:54:15.977" level="INFO">${count} = 1</msg>
<status status="PASS" starttime="20191218 14:54:15.961" endtime="20191218 14:54:15.977"></status>
</kw>
<kw name="Run Keyword And Return If" library="BuiltIn">
<doc>Runs the specified keyword and returns from the enclosing user keyword.</doc>
<arguments>
<arg>${count} &gt; 0</arg>
<arg>Close current Browser</arg>
</arguments>
<kw name="Close current Browser" library="Common">
<kw name="Close Browser" library="SeleniumLibrary">
<doc>Closes the current browser.</doc>
<status status="PASS" starttime="20191218 14:54:15.977" endtime="20191218 14:54:18.335"></status>
</kw>
<kw name="Log To Console" library="BuiltIn">
<doc>Logs the given message to the console.</doc>
<arguments>
<arg>Browser is closed</arg>
</arguments>
<status status="PASS" starttime="20191218 14:54:18.335" endtime="20191218 14:54:18.336"></status>
</kw>
<status status="PASS" starttime="20191218 14:54:15.977" endtime="20191218 14:54:18.337"></status>
</kw>
<msg timestamp="20191218 14:54:18.337" level="INFO">Returning from the enclosing user keyword.</msg>
<status status="PASS" starttime="20191218 14:54:15.977" endtime="20191218 14:54:18.337"></status>
</kw>
<status status="PASS" starttime="20191218 14:54:10.854" endtime="20191218 14:54:18.337"></status>
</kw>
<kw name="Sleep" library="BuiltIn">
<doc>Pauses the test executed for the given time.</doc>
<arguments>
<arg>${timeout}</arg>
</arguments>
<msg timestamp="20191218 14:54:20.339" level="INFO">Slept 2 seconds</msg>
<status status="PASS" starttime="20191218 14:54:18.338" endtime="20191218 14:54:20.339"></status>
</kw>
<doc>This test case will logout from the application</doc>
<tags>
<tag>LocationPage</tag>
<tag>Regression</tag>
<tag>Smoke</tag>
</tags>
<status status="PASS" starttime="20191218 14:54:10.853" endtime="20191218 14:54:20.340" critical="yes"></status>
</test>
<doc>This is the robot script for Orange HRM Site</doc>
<status status="PASS" starttime="20191218 14:53:26.491" endtime="20191218 14:54:20.342"></status>
</suite>
<statistics>
<total>
<stat pass="3" fail="0">Critical Tests</stat>
<stat pass="3" fail="0">All Tests</stat>
</total>
<tag>
<stat pass="1" fail="0">JobTitlePage</stat>
<stat pass="2" fail="0">LocationPage</stat>
<stat pass="3" fail="0">Regression</stat>
<stat pass="3" fail="0">Smoke</stat>
</tag>
<suite>
<stat pass="3" fail="0" id="s1" name="Locations">Locations</stat>
</suite>
</statistics>
<errors>
<msg timestamp="20191218 14:53:27.038" level="ERROR">Error in file 'C:\RobotScripts\OrangeHRM\TestSuite\Admin\Organization\Locations.robot': Importing test library 'C:/RobotScripts/OrangeHRM/Resources/PageObjects/Locators.robot' failed: File or directory does not exist.</msg>
</errors>
</robot>
